2005.07.26 14:33 B C:\Documents and Settings\Administrator\My Documents\My Webs\CAR_WEB_DREAMWEAVER\images\_vti_cnf\activestatbig.gif --> nscb.gov.ph /RUCAR/images/_vti_cnf activestatbig.gif
2005.07.26 14:33 B C:\Documents and Settings\Administrator\My Documents\My Webs\CAR_WEB_DREAMWEAVER\images\_vti_cnf\adnap.gif --> nscb.gov.ph /RUCAR/images/_vti_cnf adnap.gif
2005.07.26 14:33 B C:\Documents and Settings\Administrator\My Documents\My Webs\CAR_WEB_DREAMWEAVER\images\_vti_cnf\adpoverty.gif --> nscb.gov.ph /RUCAR/images/_vti_cnf adpoverty.gif
2005.07.26 14:33 B C:\Documents and Settings\Administrator\My Documents\My Webs\CAR_WEB_DREAMWEAVER\images\_vti_cnf\areacode.gif --> nscb.gov.ph /RUCAR/images/_vti_cnf areacode.gif
2005.07.26 14:33 B C:\Documents and Settings\Administrator\My Documents\My Webs\CAR_WEB_DREAMWEAVER\images\_vti_cnf\bnr_cif.gif --> nscb.gov.ph /RUCAR/images/_vti_cnf bnr_cif.gif
2005.07.26 14:33 B C:\Documents and Settings\Administrator\My Documents\My Webs\CAR_WEB_DREAMWEAVER\images\_vti_cnf\bnr_psgc.gif --> nscb.gov.ph /RUCAR/images/_vti_cnf bnr_psgc.gif
2005.07.26 14:33 B C:\Documents and Settings\Administrator\My Documents\My Webs\CAR_WEB_DREAMWEAVER\images\_vti_cnf\cif.gif --> nscb.gov.ph /RUCAR/images/_vti_cnf cif.gif
2005.07.26 14:33 B C:\Documents and Settings\Administrator\My Documents\My Webs\CAR_WEB_DREAMWEAVER\images\_vti_cnf\flowerfest.gif --> nscb.gov.ph /RUCAR/images/_vti_cnf flowerfest.gif
2005.07.26 14:33 B C:\Documents and Settings\Administrator\My Documents\My Webs\CAR_WEB_DREAMWEAVER\images\_vti_cnf\mst_aboutus.gif --> nscb.gov.ph /RUCAR/images/_vti_cnf mst_aboutus.gif
2005.07.26 14:33 B C:\Documents and Settings\Administrator\My Documents\My Webs\CAR_WEB_DREAMWEAVER\images\_vti_cnf\mst_events_2.gif --> nscb.gov.ph /RUCAR/images/_vti_cnf mst_events_2.gif
2005.07.26 14:33 B C:\Documents and Settings\Administrator\My Documents\My Webs\CAR_WEB_DREAMWEAVER\images\_vti_cnf\mst_factsNfigs.gif --> nscb.gov.ph /RUCAR/images/_vti_cnf mst_factsNfigs.gif
2005.07.26 14:33 B C:\Documents and Settings\Administrator\My Documents\My Webs\CAR_WEB_DREAMWEAVER\images\_vti_cnf\mst_features_2.gif --> nscb.gov.ph /RUCAR/images/_vti_cnf mst_features_2.gif
2005.07.26 14:34 B C:\Documents and Settings\Administrator\My Documents\My Webs\CAR_WEB_DREAMWEAVER\images\_vti_cnf\mst_FS_2.gif --> nscb.gov.ph /RUCAR/images/_vti_cnf mst_FS_2.gif
2005.07.26 14:34 B C:\Documents and Settings\Administrator\My Documents\My Webs\CAR_WEB_DREAMWEAVER\images\_vti_cnf\mst_headlines.gif --> nscb.gov.ph /RUCAR/images/_vti_cnf mst_headlines.gif
2005.07.26 14:34 B C:\Documents and Settings\Administrator\My Documents\My Webs\CAR_WEB_DREAMWEAVER\images\_vti_cnf\mst_lib_holdings.gif --> nscb.gov.ph /RUCAR/images/_vti_cnf mst_lib_holdings.gif
2005.07.26 14:34 B C:\Documents and Settings\Administrator\My Documents\My Webs\CAR_WEB_DREAMWEAVER\images\_vti_cnf\mst_main_2.gif --> nscb.gov.ph /RUCAR/images/_vti_cnf mst_main_2.gif
2005.07.26 14:34 B C:\Documents and Settings\Administrator\My Documents\My Webs\CAR_WEB_DREAMWEAVER\images\_vti_cnf\mst_RGRDPT.gif --> nscb.gov.ph /RUCAR/images/_vti_cnf mst_RGRDPT.gif
2005.07.26 14:34 B C:\Documents and Settings\Administrator\My Documents\My Webs\CAR_WEB_DREAMWEAVER\images\_vti_cnf\mst_SB.gif --> nscb.gov.ph /RUCAR/images/_vti_cnf mst_SB.gif
2005.07.26 14:34 B C:\Documents and Settings\Administrator\My Documents\My Webs\CAR_WEB_DREAMWEAVER\images\_vti_cnf\mst_ST_2.gif --> nscb.gov.ph /RUCAR/images/_vti_cnf mst_ST_2.gif
2005.07.26 14:34 B C:\Documents and Settings\Administrator\My Documents\My Webs\CAR_WEB_DREAMWEAVER\images\_vti_cnf\mst_StAc.gif --> nscb.gov.ph /RUCAR/images/_vti_cnf mst_StAc.gif
2005.07.26 14:34 B C:\Documents and Settings\Administrator\My Documents\My Webs\CAR_WEB_DREAMWEAVER\images\_vti_cnf\mst_stat.gif --> nscb.gov.ph /RUCAR/images/_vti_cnf mst_stat.gif
2005.07.26 14:34 B C:\Documents and Settings\Administrator\My Documents\My Webs\CAR_WEB_DREAMWEAVER\images\_vti_cnf\mst_statnews.gif --> nscb.gov.ph /RUCAR/images/_vti_cnf mst_statnews.gif
2005.07.26 14:34 B C:\Documents and Settings\Administrator\My Documents\My Webs\CAR_WEB_DREAMWEAVER\images\_vti_cnf\mst_SW_2.gif --> nscb.gov.ph /RUCAR/images/_vti_cnf mst_SW_2.gif
2005.07.26 14:34 B C:\Documents and Settings\Administrator\My Documents\My Webs\CAR_WEB_DREAMWEAVER\images\_vti_cnf\new2.gif --> nscb.gov.ph /RUCAR/images/_vti_cnf new2.gif
2005.07.26 14:34 B C:\Documents and Settings\Administrator\My Documents\My Webs\CAR_WEB_DREAMWEAVER\images\_vti_cnf\pcpcOnline.gif --> nscb.gov.ph /RUCAR/images/_vti_cnf pcpcOnline.gif
2005.07.26 14:34 B C:\Documents and Settings\Administrator\My Documents\My Webs\CAR_WEB_DREAMWEAVER\images\_vti_cnf\psgc.gif --> nscb.gov.ph /RUCAR/images/_vti_cnf psgc.gif
2005.07.26 14:34 B C:\Documents and Settings\Administrator\My Documents\My Webs\CAR_WEB_DREAMWEAVER\images\_vti_cnf\psicBanner.gif --> nscb.gov.ph /RUCAR/images/_vti_cnf psicBanner.gif
2005.07.26 14:34 B C:\Documents and Settings\Administrator\My Documents\My Webs\CAR_WEB_DREAMWEAVER\images\_vti_cnf\strawbasket.jpg --> nscb.gov.ph /RUCAR/images/_vti_cnf strawbasket.jpg
2005.07.26 14:34 B C:\Documents and Settings\Administrator\My Documents\My Webs\CAR_WEB_DREAMWEAVER\images\_vti_cnf\StrawFest.gif --> nscb.gov.ph /RUCAR/images/_vti_cnf StrawFest.gif
2005.07.26 14:34 B C:\Documents and Settings\Administrator\My Documents\My Webs\CAR_WEB_DREAMWEAVER\images\_vti_cnf\zipcodes.gif --> nscb.gov.ph /RUCAR/images/_vti_cnf zipcodes.gif
2005.08.05 16:31 B C:\Documents and Settings\Administrator\My Documents\My Webs\CAR_WEB_DREAMWEAVER\images\_vti_cnf\WS_FTP.LOG --> nscb.gov.ph /RUCAR/images/_vti_cnf WS_FTP.LOG
