2005.07.26 14:34 B C:\Documents and Settings\Administrator\My Documents\My Webs\CAR_WEB_DREAMWEAVER\images\2004CIF.jpg --> nscb.gov.ph /RUCAR/images 2004CIF.jpg
2005.07.26 14:34 B C:\Documents and Settings\Administrator\My Documents\My Webs\CAR_WEB_DREAMWEAVER\images\2004rset.bmp --> nscb.gov.ph /RUCAR/images 2004rset.bmp
2005.07.26 14:34 B C:\Documents and Settings\Administrator\My Documents\My Webs\CAR_WEB_DREAMWEAVER\images\2004rset.jpg --> nscb.gov.ph /RUCAR/images 2004rset.jpg
2005.07.26 14:34 B C:\Documents and Settings\Administrator\My Documents\My Webs\CAR_WEB_DREAMWEAVER\images\activestatbig.gif --> nscb.gov.ph /RUCAR/images activestatbig.gif
2005.07.26 14:34 B C:\Documents and Settings\Administrator\My Documents\My Webs\CAR_WEB_DREAMWEAVER\images\adnap.gif --> nscb.gov.ph /RUCAR/images adnap.gif
2005.07.26 14:34 B C:\Documents and Settings\Administrator\My Documents\My Webs\CAR_WEB_DREAMWEAVER\images\adpoverty.gif --> nscb.gov.ph /RUCAR/images adpoverty.gif
2005.07.26 14:34 B C:\Documents and Settings\Administrator\My Documents\My Webs\CAR_WEB_DREAMWEAVER\images\areacode.gif --> nscb.gov.ph /RUCAR/images areacode.gif
2005.07.26 14:34 B C:\Documents and Settings\Administrator\My Documents\My Webs\CAR_WEB_DREAMWEAVER\images\bnr_cif.gif --> nscb.gov.ph /RUCAR/images bnr_cif.gif
2005.07.26 14:35 B C:\Documents and Settings\Administrator\My Documents\My Webs\CAR_WEB_DREAMWEAVER\images\bnr_nap.gif --> nscb.gov.ph /RUCAR/images bnr_nap.gif
2005.07.26 14:35 B C:\Documents and Settings\Administrator\My Documents\My Webs\CAR_WEB_DREAMWEAVER\images\bnr_psgc.gif --> nscb.gov.ph /RUCAR/images bnr_psgc.gif
2005.07.26 14:35 B C:\Documents and Settings\Administrator\My Documents\My Webs\CAR_WEB_DREAMWEAVER\images\chrys garden_small.jpg --> nscb.gov.ph /RUCAR/images chrys garden_small.jpg
2005.07.26 14:35 B C:\Documents and Settings\Administrator\My Documents\My Webs\CAR_WEB_DREAMWEAVER\images\cif.gif --> nscb.gov.ph /RUCAR/images cif.gif
2005.07.26 14:35 B C:\Documents and Settings\Administrator\My Documents\My Webs\CAR_WEB_DREAMWEAVER\images\cif2.gif --> nscb.gov.ph /RUCAR/images cif2.gif
2005.07.26 14:35 B C:\Documents and Settings\Administrator\My Documents\My Webs\CAR_WEB_DREAMWEAVER\images\FactsN1.gif --> nscb.gov.ph /RUCAR/images FactsN1.gif
2005.07.26 14:35 B C:\Documents and Settings\Administrator\My Documents\My Webs\CAR_WEB_DREAMWEAVER\images\FactsN2.gif --> nscb.gov.ph /RUCAR/images FactsN2.gif
2005.07.26 14:35 B C:\Documents and Settings\Administrator\My Documents\My Webs\CAR_WEB_DREAMWEAVER\images\FactsN3.gif --> nscb.gov.ph /RUCAR/images FactsN3.gif
2005.07.26 14:35 B C:\Documents and Settings\Administrator\My Documents\My Webs\CAR_WEB_DREAMWEAVER\images\flowerfest.gif --> nscb.gov.ph /RUCAR/images flowerfest.gif
2005.07.26 14:35 B C:\Documents and Settings\Administrator\My Documents\My Webs\CAR_WEB_DREAMWEAVER\images\fsapri1.gif --> nscb.gov.ph /RUCAR/images fsapri1.gif
2005.07.26 14:35 B C:\Documents and Settings\Administrator\My Documents\My Webs\CAR_WEB_DREAMWEAVER\images\grdp2001pie.gif --> nscb.gov.ph /RUCAR/images grdp2001pie.gif
2005.07.26 14:35 B C:\Documents and Settings\Administrator\My Documents\My Webs\CAR_WEB_DREAMWEAVER\images\h_baguio.gif --> nscb.gov.ph /RUCAR/images h_baguio.gif
2005.07.26 14:35 B C:\Documents and Settings\Administrator\My Documents\My Webs\CAR_WEB_DREAMWEAVER\images\h_baguioBMP.bmp --> nscb.gov.ph /RUCAR/images h_baguioBMP.bmp
2005.07.26 14:35 B C:\Documents and Settings\Administrator\My Documents\My Webs\CAR_WEB_DREAMWEAVER\images\inflation_mar02.gif --> nscb.gov.ph /RUCAR/images inflation_mar02.gif
2005.07.26 14:35 B C:\Documents and Settings\Administrator\My Documents\My Webs\CAR_WEB_DREAMWEAVER\images\istatsFront.gif --> nscb.gov.ph /RUCAR/images istatsFront.gif
2005.07.26 14:35 B C:\Documents and Settings\Administrator\My Documents\My Webs\CAR_WEB_DREAMWEAVER\images\ltvtp_small.jpg --> nscb.gov.ph /RUCAR/images ltvtp_small.jpg
2005.07.26 14:36 B C:\Documents and Settings\Administrator\My Documents\My Webs\CAR_WEB_DREAMWEAVER\images\mining.jpg --> nscb.gov.ph /RUCAR/images mining.jpg
2005.07.26 14:36 B C:\Documents and Settings\Administrator\My Documents\My Webs\CAR_WEB_DREAMWEAVER\images\mst_aboutus.bmp --> nscb.gov.ph /RUCAR/images mst_aboutus.bmp
2005.07.26 14:36 B C:\Documents and Settings\Administrator\My Documents\My Webs\CAR_WEB_DREAMWEAVER\images\mst_aboutus.gif --> nscb.gov.ph /RUCAR/images mst_aboutus.gif
2005.07.26 14:36 B C:\Documents and Settings\Administrator\My Documents\My Webs\CAR_WEB_DREAMWEAVER\images\mst_events.gif --> nscb.gov.ph /RUCAR/images mst_events.gif
2005.07.26 14:36 B C:\Documents and Settings\Administrator\My Documents\My Webs\CAR_WEB_DREAMWEAVER\images\mst_events_2.gif --> nscb.gov.ph /RUCAR/images mst_events_2.gif
2005.07.26 14:36 B C:\Documents and Settings\Administrator\My Documents\My Webs\CAR_WEB_DREAMWEAVER\images\mst_factsNfigs.gif --> nscb.gov.ph /RUCAR/images mst_factsNfigs.gif
2005.07.26 14:36 B C:\Documents and Settings\Administrator\My Documents\My Webs\CAR_WEB_DREAMWEAVER\images\mst_features.gif --> nscb.gov.ph /RUCAR/images mst_features.gif
2005.07.26 14:36 B C:\Documents and Settings\Administrator\My Documents\My Webs\CAR_WEB_DREAMWEAVER\images\mst_features_2.gif --> nscb.gov.ph /RUCAR/images mst_features_2.gif
2005.07.26 14:36 B C:\Documents and Settings\Administrator\My Documents\My Webs\CAR_WEB_DREAMWEAVER\images\mst_FS.gif --> nscb.gov.ph /RUCAR/images mst_FS.gif
2005.07.26 14:36 B C:\Documents and Settings\Administrator\My Documents\My Webs\CAR_WEB_DREAMWEAVER\images\mst_FS_2.gif --> nscb.gov.ph /RUCAR/images mst_FS_2.gif
2005.07.26 14:36 B C:\Documents and Settings\Administrator\My Documents\My Webs\CAR_WEB_DREAMWEAVER\images\mst_grdp.gif --> nscb.gov.ph /RUCAR/images mst_grdp.gif
2005.07.26 14:36 B C:\Documents and Settings\Administrator\My Documents\My Webs\CAR_WEB_DREAMWEAVER\images\mst_headlines.gif --> nscb.gov.ph /RUCAR/images mst_headlines.gif
2005.07.26 14:36 B C:\Documents and Settings\Administrator\My Documents\My Webs\CAR_WEB_DREAMWEAVER\images\mst_lib.gif --> nscb.gov.ph /RUCAR/images mst_lib.gif
2005.07.26 14:36 B C:\Documents and Settings\Administrator\My Documents\My Webs\CAR_WEB_DREAMWEAVER\images\mst_lib_2.gif --> nscb.gov.ph /RUCAR/images mst_lib_2.gif
2005.07.26 14:36 B C:\Documents and Settings\Administrator\My Documents\My Webs\CAR_WEB_DREAMWEAVER\images\mst_lib_holdings.gif --> nscb.gov.ph /RUCAR/images mst_lib_holdings.gif
2005.07.26 14:36 B C:\Documents and Settings\Administrator\My Documents\My Webs\CAR_WEB_DREAMWEAVER\images\mst_links.gif --> nscb.gov.ph /RUCAR/images mst_links.gif
2005.07.26 14:36 B C:\Documents and Settings\Administrator\My Documents\My Webs\CAR_WEB_DREAMWEAVER\images\mst_main.gif --> nscb.gov.ph /RUCAR/images mst_main.gif
2005.07.26 14:36 B C:\Documents and Settings\Administrator\My Documents\My Webs\CAR_WEB_DREAMWEAVER\images\mst_main_2.gif --> nscb.gov.ph /RUCAR/images mst_main_2.gif
2005.07.26 14:36 B C:\Documents and Settings\Administrator\My Documents\My Webs\CAR_WEB_DREAMWEAVER\images\mst_nureleases.bmp --> nscb.gov.ph /RUCAR/images mst_nureleases.bmp
2005.07.26 14:36 B C:\Documents and Settings\Administrator\My Documents\My Webs\CAR_WEB_DREAMWEAVER\images\mst_nureleases.gif --> nscb.gov.ph /RUCAR/images mst_nureleases.gif
2005.07.26 14:36 B C:\Documents and Settings\Administrator\My Documents\My Webs\CAR_WEB_DREAMWEAVER\images\mst_RGRDPT.gif --> nscb.gov.ph /RUCAR/images mst_RGRDPT.gif
2005.07.26 14:36 B C:\Documents and Settings\Administrator\My Documents\My Webs\CAR_WEB_DREAMWEAVER\images\mst_rsccres.gif --> nscb.gov.ph /RUCAR/images mst_rsccres.gif
2005.07.26 14:36 B C:\Documents and Settings\Administrator\My Documents\My Webs\CAR_WEB_DREAMWEAVER\images\mst_SB.gif --> nscb.gov.ph /RUCAR/images mst_SB.gif
2005.07.26 14:36 B C:\Documents and Settings\Administrator\My Documents\My Webs\CAR_WEB_DREAMWEAVER\images\mst_SN.gif --> nscb.gov.ph /RUCAR/images mst_SN.gif
2005.07.26 14:36 B C:\Documents and Settings\Administrator\My Documents\My Webs\CAR_WEB_DREAMWEAVER\images\mst_ST.gif --> nscb.gov.ph /RUCAR/images mst_ST.gif
2005.07.26 14:36 B C:\Documents and Settings\Administrator\My Documents\My Webs\CAR_WEB_DREAMWEAVER\images\mst_ST_2.gif --> nscb.gov.ph /RUCAR/images mst_ST_2.gif
2005.07.26 14:36 B C:\Documents and Settings\Administrator\My Documents\My Webs\CAR_WEB_DREAMWEAVER\images\mst_StAc.gif --> nscb.gov.ph /RUCAR/images mst_StAc.gif
2005.07.26 14:36 B C:\Documents and Settings\Administrator\My Documents\My Webs\CAR_WEB_DREAMWEAVER\images\mst_stat.gif --> nscb.gov.ph /RUCAR/images mst_stat.gif
2005.07.26 14:37 B C:\Documents and Settings\Administrator\My Documents\My Webs\CAR_WEB_DREAMWEAVER\images\mst_statnews.gif --> nscb.gov.ph /RUCAR/images mst_statnews.gif
2005.07.26 14:37 B C:\Documents and Settings\Administrator\My Documents\My Webs\CAR_WEB_DREAMWEAVER\images\mst_SW.gif --> nscb.gov.ph /RUCAR/images mst_SW.gif
2005.07.26 14:37 B C:\Documents and Settings\Administrator\My Documents\My Webs\CAR_WEB_DREAMWEAVER\images\mst_SW_2.gif --> nscb.gov.ph /RUCAR/images mst_SW_2.gif
2005.07.26 14:37 B C:\Documents and Settings\Administrator\My Documents\My Webs\CAR_WEB_DREAMWEAVER\images\nap.gif --> nscb.gov.ph /RUCAR/images nap.gif
2005.07.26 14:37 B C:\Documents and Settings\Administrator\My Documents\My Webs\CAR_WEB_DREAMWEAVER\images\new.gif --> nscb.gov.ph /RUCAR/images new.gif
2005.07.26 14:37 B C:\Documents and Settings\Administrator\My Documents\My Webs\CAR_WEB_DREAMWEAVER\images\new2.gif --> nscb.gov.ph /RUCAR/images new2.gif
2005.07.26 14:37 B C:\Documents and Settings\Administrator\My Documents\My Webs\CAR_WEB_DREAMWEAVER\images\NSM_04_pic1.gif --> nscb.gov.ph /RUCAR/images NSM_04_pic1.gif
2005.07.26 14:37 B C:\Documents and Settings\Administrator\My Documents\My Webs\CAR_WEB_DREAMWEAVER\images\NSM_04_pic2.bmp --> nscb.gov.ph /RUCAR/images NSM_04_pic2.bmp
2005.07.26 14:37 B C:\Documents and Settings\Administrator\My Documents\My Webs\CAR_WEB_DREAMWEAVER\images\NSM_04_pic2.jpg --> nscb.gov.ph /RUCAR/images NSM_04_pic2.jpg
2005.07.26 14:37 B C:\Documents and Settings\Administrator\My Documents\My Webs\CAR_WEB_DREAMWEAVER\images\NSM_04_pic3.gif --> nscb.gov.ph /RUCAR/images NSM_04_pic3.gif
2005.07.26 14:37 B C:\Documents and Settings\Administrator\My Documents\My Webs\CAR_WEB_DREAMWEAVER\images\pcpcOnline.gif --> nscb.gov.ph /RUCAR/images pcpcOnline.gif
2005.07.26 14:37 B C:\Documents and Settings\Administrator\My Documents\My Webs\CAR_WEB_DREAMWEAVER\images\pdf.jpg --> nscb.gov.ph /RUCAR/images pdf.jpg
2005.07.26 14:37 B C:\Documents and Settings\Administrator\My Documents\My Webs\CAR_WEB_DREAMWEAVER\images\pesograph01.gif --> nscb.gov.ph /RUCAR/images pesograph01.gif
2005.07.26 14:37 B C:\Documents and Settings\Administrator\My Documents\My Webs\CAR_WEB_DREAMWEAVER\images\PPPCAR.gif --> nscb.gov.ph /RUCAR/images PPPCAR.gif
2005.07.26 14:37 B C:\Documents and Settings\Administrator\My Documents\My Webs\CAR_WEB_DREAMWEAVER\images\profile.gif --> nscb.gov.ph /RUCAR/images profile.gif
2005.07.26 14:38 B C:\Documents and Settings\Administrator\My Documents\My Webs\CAR_WEB_DREAMWEAVER\images\psgc.gif --> nscb.gov.ph /RUCAR/images psgc.gif
2005.07.26 14:38 B C:\Documents and Settings\Administrator\My Documents\My Webs\CAR_WEB_DREAMWEAVER\images\psicBanner.gif --> nscb.gov.ph /RUCAR/images psicBanner.gif
2005.07.26 14:38 B C:\Documents and Settings\Administrator\My Documents\My Webs\CAR_WEB_DREAMWEAVER\images\pssframework.gif --> nscb.gov.ph /RUCAR/images pssframework.gif
2005.07.26 14:38 B C:\Documents and Settings\Administrator\My Documents\My Webs\CAR_WEB_DREAMWEAVER\images\psslong.gif --> nscb.gov.ph /RUCAR/images psslong.gif
2005.07.26 14:38 B C:\Documents and Settings\Administrator\My Documents\My Webs\CAR_WEB_DREAMWEAVER\images\Statne1.gif --> nscb.gov.ph /RUCAR/images Statne1.gif
2005.07.26 14:38 B C:\Documents and Settings\Administrator\My Documents\My Webs\CAR_WEB_DREAMWEAVER\images\strawbasket.jpg --> nscb.gov.ph /RUCAR/images strawbasket.jpg
2005.07.26 14:38 B C:\Documents and Settings\Administrator\My Documents\My Webs\CAR_WEB_DREAMWEAVER\images\StrawFest.gif --> nscb.gov.ph /RUCAR/images StrawFest.gif
2005.07.26 14:38 B C:\Documents and Settings\Administrator\My Documents\My Webs\CAR_WEB_DREAMWEAVER\images\striptrans.bmp --> nscb.gov.ph /RUCAR/images striptrans.bmp
2005.07.26 14:38 B C:\Documents and Settings\Administrator\My Documents\My Webs\CAR_WEB_DREAMWEAVER\images\stripxs.gif --> nscb.gov.ph /RUCAR/images stripxs.gif
2005.07.26 14:38 B C:\Documents and Settings\Administrator\My Documents\My Webs\CAR_WEB_DREAMWEAVER\images\zipcodes.gif --> nscb.gov.ph /RUCAR/images zipcodes.gif
2005.08.05 16:31 B C:\Documents and Settings\Administrator\My Documents\My Webs\CAR_WEB_DREAMWEAVER\images\2004CIF.jpg --> nscb.gov.ph /RUCAR/images 2004CIF.jpg
2005.08.05 16:31 B C:\Documents and Settings\Administrator\My Documents\My Webs\CAR_WEB_DREAMWEAVER\images\2004rset.bmp --> nscb.gov.ph /RUCAR/images 2004rset.bmp
2005.08.05 16:31 B C:\Documents and Settings\Administrator\My Documents\My Webs\CAR_WEB_DREAMWEAVER\images\2004rset.jpg --> nscb.gov.ph /RUCAR/images 2004rset.jpg
2005.08.05 16:32 B C:\Documents and Settings\Administrator\My Documents\My Webs\CAR_WEB_DREAMWEAVER\images\activestatbig.gif --> nscb.gov.ph /RUCAR/images activestatbig.gif
2005.08.05 16:32 B C:\Documents and Settings\Administrator\My Documents\My Webs\CAR_WEB_DREAMWEAVER\images\adnap.gif --> nscb.gov.ph /RUCAR/images adnap.gif
2005.08.05 16:32 B C:\Documents and Settings\Administrator\My Documents\My Webs\CAR_WEB_DREAMWEAVER\images\adpoverty.gif --> nscb.gov.ph /RUCAR/images adpoverty.gif
2005.08.05 16:32 B C:\Documents and Settings\Administrator\My Documents\My Webs\CAR_WEB_DREAMWEAVER\images\areacode.gif --> nscb.gov.ph /RUCAR/images areacode.gif
2005.08.05 16:32 B C:\Documents and Settings\Administrator\My Documents\My Webs\CAR_WEB_DREAMWEAVER\images\bnr_cif.gif --> nscb.gov.ph /RUCAR/images bnr_cif.gif
2005.08.05 16:32 B C:\Documents and Settings\Administrator\My Documents\My Webs\CAR_WEB_DREAMWEAVER\images\bnr_nap.gif --> nscb.gov.ph /RUCAR/images bnr_nap.gif
2005.08.05 16:32 B C:\Documents and Settings\Administrator\My Documents\My Webs\CAR_WEB_DREAMWEAVER\images\bnr_psgc.gif --> nscb.gov.ph /RUCAR/images bnr_psgc.gif
2005.08.05 16:32 B C:\Documents and Settings\Administrator\My Documents\My Webs\CAR_WEB_DREAMWEAVER\images\carinphilmap.gif --> nscb.gov.ph /RUCAR/images carinphilmap.gif
2005.08.05 16:32 B C:\Documents and Settings\Administrator\My Documents\My Webs\CAR_WEB_DREAMWEAVER\images\chrys garden_small.jpg --> nscb.gov.ph /RUCAR/images chrys garden_small.jpg
2005.08.05 16:32 B C:\Documents and Settings\Administrator\My Documents\My Webs\CAR_WEB_DREAMWEAVER\images\cif.gif --> nscb.gov.ph /RUCAR/images cif.gif
2005.08.05 16:33 B C:\Documents and Settings\Administrator\My Documents\My Webs\CAR_WEB_DREAMWEAVER\images\cif2.gif --> nscb.gov.ph /RUCAR/images cif2.gif
2005.08.05 16:33 B C:\Documents and Settings\Administrator\My Documents\My Webs\CAR_WEB_DREAMWEAVER\images\doc.jpg --> nscb.gov.ph /RUCAR/images doc.jpg
2005.08.05 16:33 B C:\Documents and Settings\Administrator\My Documents\My Webs\CAR_WEB_DREAMWEAVER\images\FactsN1.gif --> nscb.gov.ph /RUCAR/images FactsN1.gif
2005.08.05 16:33 B C:\Documents and Settings\Administrator\My Documents\My Webs\CAR_WEB_DREAMWEAVER\images\FactsN2.gif --> nscb.gov.ph /RUCAR/images FactsN2.gif
2005.08.05 16:33 B C:\Documents and Settings\Administrator\My Documents\My Webs\CAR_WEB_DREAMWEAVER\images\FactsN3.gif --> nscb.gov.ph /RUCAR/images FactsN3.gif
2005.08.05 16:33 B C:\Documents and Settings\Administrator\My Documents\My Webs\CAR_WEB_DREAMWEAVER\images\flowerfest.gif --> nscb.gov.ph /RUCAR/images flowerfest.gif
2005.08.05 16:33 B C:\Documents and Settings\Administrator\My Documents\My Webs\CAR_WEB_DREAMWEAVER\images\fnf_abra.jpg --> nscb.gov.ph /RUCAR/images fnf_abra.jpg
2005.08.05 16:34 B C:\Documents and Settings\Administrator\My Documents\My Webs\CAR_WEB_DREAMWEAVER\images\fnf_apayao.jpg --> nscb.gov.ph /RUCAR/images fnf_apayao.jpg
2005.08.05 16:34 B C:\Documents and Settings\Administrator\My Documents\My Webs\CAR_WEB_DREAMWEAVER\images\fnf_baguio.jpg --> nscb.gov.ph /RUCAR/images fnf_baguio.jpg
2005.08.05 16:34 B C:\Documents and Settings\Administrator\My Documents\My Webs\CAR_WEB_DREAMWEAVER\images\fnf_baguio2.jpg --> nscb.gov.ph /RUCAR/images fnf_baguio2.jpg
2005.08.05 16:34 B C:\Documents and Settings\Administrator\My Documents\My Webs\CAR_WEB_DREAMWEAVER\images\fnf_benguet.jpg --> nscb.gov.ph /RUCAR/images fnf_benguet.jpg
2005.08.05 16:42 B C:\Documents and Settings\Administrator\My Documents\My Webs\CAR_WEB_DREAMWEAVER\images\fnf_kalinga.jpg --> nscb.gov.ph /RUCAR/images fnf_kalinga.jpg
2005.08.05 16:42 B C:\Documents and Settings\Administrator\My Documents\My Webs\CAR_WEB_DREAMWEAVER\images\fnf_sagada.jpg --> nscb.gov.ph /RUCAR/images fnf_sagada.jpg
2005.08.05 16:42 B C:\Documents and Settings\Administrator\My Documents\My Webs\CAR_WEB_DREAMWEAVER\images\fsapri1.gif --> nscb.gov.ph /RUCAR/images fsapri1.gif
2005.08.05 16:42 B C:\Documents and Settings\Administrator\My Documents\My Webs\CAR_WEB_DREAMWEAVER\images\grdp2001pie.gif --> nscb.gov.ph /RUCAR/images grdp2001pie.gif
2005.08.05 16:42 B C:\Documents and Settings\Administrator\My Documents\My Webs\CAR_WEB_DREAMWEAVER\images\h_abra.gif --> nscb.gov.ph /RUCAR/images h_abra.gif
2005.08.05 16:42 B C:\Documents and Settings\Administrator\My Documents\My Webs\CAR_WEB_DREAMWEAVER\images\h_apayao.gif --> nscb.gov.ph /RUCAR/images h_apayao.gif
2005.08.05 16:42 B C:\Documents and Settings\Administrator\My Documents\My Webs\CAR_WEB_DREAMWEAVER\images\h_baguio.gif --> nscb.gov.ph /RUCAR/images h_baguio.gif
2005.08.05 16:42 B C:\Documents and Settings\Administrator\My Documents\My Webs\CAR_WEB_DREAMWEAVER\images\h_baguioBMP.bmp --> nscb.gov.ph /RUCAR/images h_baguioBMP.bmp
2005.08.05 16:42 B C:\Documents and Settings\Administrator\My Documents\My Webs\CAR_WEB_DREAMWEAVER\images\h_benguet.gif --> nscb.gov.ph /RUCAR/images h_benguet.gif
2005.08.05 16:42 B C:\Documents and Settings\Administrator\My Documents\My Webs\CAR_WEB_DREAMWEAVER\images\h_car.gif --> nscb.gov.ph /RUCAR/images h_car.gif
2005.08.05 16:42 B C:\Documents and Settings\Administrator\My Documents\My Webs\CAR_WEB_DREAMWEAVER\images\h_ifugao.gif --> nscb.gov.ph /RUCAR/images h_ifugao.gif
2005.08.05 16:42 B C:\Documents and Settings\Administrator\My Documents\My Webs\CAR_WEB_DREAMWEAVER\images\h_kalinga.gif --> nscb.gov.ph /RUCAR/images h_kalinga.gif
2005.08.05 16:42 B C:\Documents and Settings\Administrator\My Documents\My Webs\CAR_WEB_DREAMWEAVER\images\h_mprov.gif --> nscb.gov.ph /RUCAR/images h_mprov.gif
2005.08.05 16:42 B C:\Documents and Settings\Administrator\My Documents\My Webs\CAR_WEB_DREAMWEAVER\images\inflation_mar02.gif --> nscb.gov.ph /RUCAR/images inflation_mar02.gif
2005.08.05 16:42 B C:\Documents and Settings\Administrator\My Documents\My Webs\CAR_WEB_DREAMWEAVER\images\istatsFront.gif --> nscb.gov.ph /RUCAR/images istatsFront.gif
2005.08.05 16:42 B C:\Documents and Settings\Administrator\My Documents\My Webs\CAR_WEB_DREAMWEAVER\images\ltvtp_small.jpg --> nscb.gov.ph /RUCAR/images ltvtp_small.jpg
2005.08.05 16:42 B C:\Documents and Settings\Administrator\My Documents\My Webs\CAR_WEB_DREAMWEAVER\images\map_kalinga.gif --> nscb.gov.ph /RUCAR/images map_kalinga.gif
2005.08.05 16:43 B C:\Documents and Settings\Administrator\My Documents\My Webs\CAR_WEB_DREAMWEAVER\images\mining.jpg --> nscb.gov.ph /RUCAR/images mining.jpg
2005.08.05 16:43 B C:\Documents and Settings\Administrator\My Documents\My Webs\CAR_WEB_DREAMWEAVER\images\mst_aboutus.bmp --> nscb.gov.ph /RUCAR/images mst_aboutus.bmp
2005.08.05 16:43 B C:\Documents and Settings\Administrator\My Documents\My Webs\CAR_WEB_DREAMWEAVER\images\mst_aboutus.gif --> nscb.gov.ph /RUCAR/images mst_aboutus.gif
2005.08.05 16:43 B C:\Documents and Settings\Administrator\My Documents\My Webs\CAR_WEB_DREAMWEAVER\images\mst_arc.gif --> nscb.gov.ph /RUCAR/images mst_arc.gif
2005.08.05 16:43 B C:\Documents and Settings\Administrator\My Documents\My Webs\CAR_WEB_DREAMWEAVER\images\mst_enra.gif --> nscb.gov.ph /RUCAR/images mst_enra.gif
2005.08.05 16:43 B C:\Documents and Settings\Administrator\My Documents\My Webs\CAR_WEB_DREAMWEAVER\images\mst_events_2.gif --> nscb.gov.ph /RUCAR/images mst_events_2.gif
2005.08.05 16:43 B C:\Documents and Settings\Administrator\My Documents\My Webs\CAR_WEB_DREAMWEAVER\images\mst_factsNfigs.gif --> nscb.gov.ph /RUCAR/images mst_factsNfigs.gif
2005.08.05 16:43 B C:\Documents and Settings\Administrator\My Documents\My Webs\CAR_WEB_DREAMWEAVER\images\mst_features_2.gif --> nscb.gov.ph /RUCAR/images mst_features_2.gif
2005.08.05 16:43 B C:\Documents and Settings\Administrator\My Documents\My Webs\CAR_WEB_DREAMWEAVER\images\mst_FS_2.gif --> nscb.gov.ph /RUCAR/images mst_FS_2.gif
2005.08.05 16:43 B C:\Documents and Settings\Administrator\My Documents\My Webs\CAR_WEB_DREAMWEAVER\images\mst_grdp.gif --> nscb.gov.ph /RUCAR/images mst_grdp.gif
2005.08.05 16:43 B C:\Documents and Settings\Administrator\My Documents\My Webs\CAR_WEB_DREAMWEAVER\images\mst_headlines.gif --> nscb.gov.ph /RUCAR/images mst_headlines.gif
2005.08.05 16:43 B C:\Documents and Settings\Administrator\My Documents\My Webs\CAR_WEB_DREAMWEAVER\images\mst_lha.gif --> nscb.gov.ph /RUCAR/images mst_lha.gif
2005.08.05 16:43 B C:\Documents and Settings\Administrator\My Documents\My Webs\CAR_WEB_DREAMWEAVER\images\mst_lib_2.gif --> nscb.gov.ph /RUCAR/images mst_lib_2.gif
2005.08.05 16:43 B C:\Documents and Settings\Administrator\My Documents\My Webs\CAR_WEB_DREAMWEAVER\images\mst_lib_holdings.gif --> nscb.gov.ph /RUCAR/images mst_lib_holdings.gif
2005.08.05 16:43 B C:\Documents and Settings\Administrator\My Documents\My Webs\CAR_WEB_DREAMWEAVER\images\mst_links.gif --> nscb.gov.ph /RUCAR/images mst_links.gif
2005.08.05 16:43 B C:\Documents and Settings\Administrator\My Documents\My Webs\CAR_WEB_DREAMWEAVER\images\mst_main_2.gif --> nscb.gov.ph /RUCAR/images mst_main_2.gif
2005.08.05 16:43 B C:\Documents and Settings\Administrator\My Documents\My Webs\CAR_WEB_DREAMWEAVER\images\mst_nureleases.bmp --> nscb.gov.ph /RUCAR/images mst_nureleases.bmp
2005.08.05 16:44 B C:\Documents and Settings\Administrator\My Documents\My Webs\CAR_WEB_DREAMWEAVER\images\mst_nureleases.gif --> nscb.gov.ph /RUCAR/images mst_nureleases.gif
2005.08.05 16:44 B C:\Documents and Settings\Administrator\My Documents\My Webs\CAR_WEB_DREAMWEAVER\images\mst_otheronlinepub.gif --> nscb.gov.ph /RUCAR/images mst_otheronlinepub.gif
2005.08.05 16:44 B C:\Documents and Settings\Administrator\My Documents\My Webs\CAR_WEB_DREAMWEAVER\images\mst_pr.gif --> nscb.gov.ph /RUCAR/images mst_pr.gif
2005.08.05 16:44 B C:\Documents and Settings\Administrator\My Documents\My Webs\CAR_WEB_DREAMWEAVER\images\mst_pubonline.gif --> nscb.gov.ph /RUCAR/images mst_pubonline.gif
2005.08.05 16:44 B C:\Documents and Settings\Administrator\My Documents\My Webs\CAR_WEB_DREAMWEAVER\images\mst_rsccres.gif --> nscb.gov.ph /RUCAR/images mst_rsccres.gif
2005.08.05 16:44 B C:\Documents and Settings\Administrator\My Documents\My Webs\CAR_WEB_DREAMWEAVER\images\mst_sa.gif --> nscb.gov.ph /RUCAR/images mst_sa.gif
2005.08.05 16:44 B C:\Documents and Settings\Administrator\My Documents\My Webs\CAR_WEB_DREAMWEAVER\images\mst_SB.gif --> nscb.gov.ph /RUCAR/images mst_SB.gif
2005.08.05 16:44 B C:\Documents and Settings\Administrator\My Documents\My Webs\CAR_WEB_DREAMWEAVER\images\mst_SN.gif --> nscb.gov.ph /RUCAR/images mst_SN.gif
2005.08.05 16:44 B C:\Documents and Settings\Administrator\My Documents\My Webs\CAR_WEB_DREAMWEAVER\images\mst_ssrcs.gif --> nscb.gov.ph /RUCAR/images mst_ssrcs.gif
2005.08.05 16:44 B C:\Documents and Settings\Administrator\My Documents\My Webs\CAR_WEB_DREAMWEAVER\images\mst_ST_2.gif --> nscb.gov.ph /RUCAR/images mst_ST_2.gif
2005.08.05 16:44 B C:\Documents and Settings\Administrator\My Documents\My Webs\CAR_WEB_DREAMWEAVER\images\mst_stat.gif --> nscb.gov.ph /RUCAR/images mst_stat.gif
2005.08.05 16:44 B C:\Documents and Settings\Administrator\My Documents\My Webs\CAR_WEB_DREAMWEAVER\images\mst_SW_2.gif --> nscb.gov.ph /RUCAR/images mst_SW_2.gif
2005.08.05 16:44 B C:\Documents and Settings\Administrator\My Documents\My Webs\CAR_WEB_DREAMWEAVER\images\nap.gif --> nscb.gov.ph /RUCAR/images nap.gif
2005.08.05 16:44 B C:\Documents and Settings\Administrator\My Documents\My Webs\CAR_WEB_DREAMWEAVER\images\new.gif --> nscb.gov.ph /RUCAR/images new.gif
2005.08.05 16:44 B C:\Documents and Settings\Administrator\My Documents\My Webs\CAR_WEB_DREAMWEAVER\images\new2.gif --> nscb.gov.ph /RUCAR/images new2.gif
2005.08.05 16:44 B C:\Documents and Settings\Administrator\My Documents\My Webs\CAR_WEB_DREAMWEAVER\images\nsic_bookshop.gif --> nscb.gov.ph /RUCAR/images nsic_bookshop.gif
2005.08.05 16:44 B C:\Documents and Settings\Administrator\My Documents\My Webs\CAR_WEB_DREAMWEAVER\images\nsic_inquiry.gif --> nscb.gov.ph /RUCAR/images nsic_inquiry.gif
2005.08.05 16:44 B C:\Documents and Settings\Administrator\My Documents\My Webs\CAR_WEB_DREAMWEAVER\images\nsic_library.gif --> nscb.gov.ph /RUCAR/images nsic_library.gif
2005.08.05 16:44 B C:\Documents and Settings\Administrator\My Documents\My Webs\CAR_WEB_DREAMWEAVER\images\NSM_04_pic1.gif --> nscb.gov.ph /RUCAR/images NSM_04_pic1.gif
2005.08.05 16:45 B C:\Documents and Settings\Administrator\My Documents\My Webs\CAR_WEB_DREAMWEAVER\images\NSM_04_pic2.bmp --> nscb.gov.ph /RUCAR/images NSM_04_pic2.bmp
2005.08.05 16:45 B C:\Documents and Settings\Administrator\My Documents\My Webs\CAR_WEB_DREAMWEAVER\images\NSM_04_pic2.jpg --> nscb.gov.ph /RUCAR/images NSM_04_pic2.jpg
2005.08.05 20:13 B C:\Documents and Settings\Administrator\My Documents\My Webs\CAR_WEB_DREAMWEAVER\images\strawbasket.jpg --> nscb.gov.ph /RUCAR/images strawbasket.jpg
2005.08.05 20:13 B C:\Documents and Settings\Administrator\My Documents\My Webs\CAR_WEB_DREAMWEAVER\images\StrawFest.gif --> nscb.gov.ph /RUCAR/images StrawFest.gif
2005.08.05 20:14 B C:\Documents and Settings\Administrator\My Documents\My Webs\CAR_WEB_DREAMWEAVER\images\psgc.gif --> nscb.gov.ph /RUCAR/images psgc.gif
2005.08.05 20:15 B C:\Documents and Settings\Administrator\My Documents\My Webs\CAR_WEB_DREAMWEAVER\images\pcpcOnline.gif --> nscb.gov.ph /RUCAR/images pcpcOnline.gif
2005.08.05 20:15 B C:\Documents and Settings\Administrator\My Documents\My Webs\CAR_WEB_DREAMWEAVER\images\psicBanner.gif --> nscb.gov.ph /RUCAR/images psicBanner.gif
2005.08.05 20:15 B C:\Documents and Settings\Administrator\My Documents\My Webs\CAR_WEB_DREAMWEAVER\images\zipcodes.gif --> nscb.gov.ph /RUCAR/images zipcodes.gif
2005.08.05 20:24 B C:\Documents and Settings\Administrator\My Documents\My Webs\CAR_WEB_DREAMWEAVER\images\NSM_04_pic3.gif --> nscb.gov.ph /RUCAR NSM_04_pic3.gif
2005.08.05 20:24 B C:\Documents and Settings\Administrator\My Documents\My Webs\CAR_WEB_DREAMWEAVER\images\NSM_04_pic3.gif --> nscb.gov.ph /RUCAR/images NSM_04_pic3.gif
2005.08.05 20:28 B C:\Documents and Settings\Administrator\My Documents\My Webs\CAR_WEB_DREAMWEAVER\images\xls.jpg --> nscb.gov.ph /RUCAR/images xls.jpg
2005.08.05 20:28 B C:\Documents and Settings\Administrator\My Documents\My Webs\CAR_WEB_DREAMWEAVER\images\tourismcoordmech.gif --> nscb.gov.ph /RUCAR/images tourismcoordmech.gif
2005.08.05 20:28 B C:\Documents and Settings\Administrator\My Documents\My Webs\CAR_WEB_DREAMWEAVER\images\pdf.jpg --> nscb.gov.ph /RUCAR/images pdf.jpg
2005.09.23 15:55 B C:\Documents and Settings\Administrator\My Documents\My Webs\CAR_WEB_DREAMWEAVER\images\st_vaw05.gif --> nscb.gov.ph /RUCAR st_vaw05.gif
2005.09.23 15:56 B C:\Documents and Settings\Administrator\My Documents\My Webs\CAR_WEB_DREAMWEAVER\images\st_vaw05.gif --> nscb.gov.ph /RUCAR/images st_vaw05.gif
2005.10.10 15:23 B C:\Documents and Settings\Administrator\My Documents\My Webs\CAR_WEB_DREAMWEAVER\images\nsm_mtrcade.JPG --> nscb.gov.ph /RUCAR/images nsm_mtrcade.JPG
2005.10.10 15:26 B C:\Documents and Settings\Administrator\My Documents\My Webs\CAR_WEB_DREAMWEAVER\images\nsm_open.jpg --> nscb.gov.ph /RUCAR/images nsm_open.jpg
2005.10.10 15:28 B C:\Documents and Settings\Administrator\My Documents\My Webs\CAR_WEB_DREAMWEAVER\images\nsm_xhbit.JPG --> nscb.gov.ph /RUCAR/images nsm_xhbit.JPG
2005.10.10 15:33 B C:\Documents and Settings\Administrator\My Documents\My Webs\CAR_WEB_DREAMWEAVER\images\nsm_kapihan.jpg --> nscb.gov.ph directory identifier unavailable nsm_kapihan.jpg
2005.10.10 15:34 B C:\Documents and Settings\Administrator\My Documents\My Webs\CAR_WEB_DREAMWEAVER\images\nsm_xhbit2.JPG --> nscb.gov.ph /RUCAR/images nsm_xhbit2.JPG
2005.10.10 15:34 B C:\Documents and Settings\Administrator\My Documents\My Webs\CAR_WEB_DREAMWEAVER\images\on16thNSM.gif --> nscb.gov.ph /RUCAR/images on16thNSM.gif
2005.10.10 16:06 B C:\Documents and Settings\Administrator\My Documents\My Webs\CAR_WEB_DREAMWEAVER\images\nsm_kapihan.jpg --> nscb.gov.ph /RUCAR/images nsm_kapihan.jpg
2005.10.10 16:06 B C:\Documents and Settings\Administrator\My Documents\My Webs\CAR_WEB_DREAMWEAVER\images\nsm_mtrcade.JPG --> nscb.gov.ph /RUCAR/images nsm_mtrcade.JPG
2005.10.10 16:06 B C:\Documents and Settings\Administrator\My Documents\My Webs\CAR_WEB_DREAMWEAVER\images\nsm_xhbit.JPG --> nscb.gov.ph /RUCAR/images nsm_xhbit.JPG
2005.10.10 16:06 B C:\Documents and Settings\Administrator\My Documents\My Webs\CAR_WEB_DREAMWEAVER\images\nsm_xhbit2.JPG --> nscb.gov.ph /RUCAR/images nsm_xhbit2.JPG
2005.12.19 08:18 B C:\Documents and Settings\Administrator\My Documents\My Webs\CAR_WEB_DREAMWEAVER\images\profile.gif --> nscb.gov.ph /RUCAR/images profile.gif
2006.01.02 16:25 B C:\Documents and Settings\Administrator\My Documents\My Webs\CAR_WEB_DREAMWEAVER\images\fnf_terraces2.jpg --> nscb.gov.ph /RUCAR/images fnf_terraces2.jpg
2006.01.02 16:34 B C:\Documents and Settings\Administrator\My Documents\My Webs\CAR_WEB_DREAMWEAVER\images\h_banaue.gif --> nscb.gov.ph /RUCAR/images h_banaue.gif
2006.01.02 16:44 B C:\Documents and Settings\Administrator\My Documents\My Webs\CAR_WEB_DREAMWEAVER\images\h_latrinidad.gif --> nscb.gov.ph /RUCAR/images h_latrinidad.gif
2006.01.04 10:42 B C:\Documents and Settings\Administrator\My Documents\My Webs\CAR_WEB_DREAMWEAVER\images\PSQlogo.jpg --> nscb.gov.ph /RUCAR/images PSQlogo.jpg
2006.01.04 10:53 B C:\Documents and Settings\Administrator\My Documents\My Webs\CAR_WEB_DREAMWEAVER\images\PSQwinners.jpg --> nscb.gov.ph /RUCAR/images PSQwinners.jpg
2006.01.04 11:08 B C:\Documents and Settings\Administrator\My Documents\My Webs\CAR_WEB_DREAMWEAVER\images\pssframework.gif --> nscb.gov.ph /RUCAR/images pssframework.gif
2006.01.18 08:58 B C:\Documents and Settings\Administrator\My Documents\My Webs\CAR_WEB_DREAMWEAVER\images\logo_pabagbenga.jpg --> nscb.gov.ph /RUCAR/images logo_pabagbenga.jpg
2006.02.28 12:49 B C:\Documents and Settings\Administrator\My Documents\My Webs\CAR_WEB_DREAMWEAVER\images\povmapbag.jpg --> nscb.gov.ph /RUCAR/images povmapbag.jpg
2006.03.30 17:39 B C:\Documents and Settings\Administrator\My Documents\My Webs\CAR_WEB_DREAMWEAVER\images\ofws.jpg --> nscb.gov.ph /RUCAR/images ofws.jpg
2006.05.25 15:32 B C:\Documents and Settings\Administrator\My Documents\My Webs\CAR_WEB_DREAMWEAVER\images\st_tax.jpg --> nscb.gov.ph /RUCAR/images st_tax.jpg
2006.06.29 15:56 B C:\Documents and Settings\Administrator\My Documents\My Webs\CAR_WEB_DREAMWEAVER\images\fnf_ifugao.jpg --> nscb.gov.ph /RUCAR/images fnf_ifugao.jpg
